{"C:\\Users\\Yashwant.Reddy\\OneDrive - NeST Group\\Documents\\NestApp\\certificate-app\\utils\\removeSubframeIndex.js": {"path":"C:\\Users\\Yashwant.Reddy\\OneDrive - NeST Group\\Documents\\NestApp\\certificate-app\\utils\\removeSubframeIndex.js","statementMap":{"0":{"start":{"line":2,"column":2},"end":{"line":11,"column":5}},"1":{"start":{"line":3,"column":19},"end":{"line":3,"column":29}},"2":{"start":{"line":5,"column":4},"end":{"line":9,"column":5}},"3":{"start":{"line":6,"column":6},"end":{"line":8,"column":7}},"4":{"start":{"line":7,"column":8},"end":{"line":7,"column":27}},"5":{"start":{"line":10,"column":4},"end":{"line":10,"column":18}},"6":{"start":{"line":14,"column":0},"end":{"line":14,"column":48}}},"fnMap":{"0":{"name":"removeSubframeIndexFromReport1","decl":{"start":{"line":1,"column":9},"end":{"line":1,"column":39}},"loc":{"start":{"line":1,"column":46},"end":{"line":12,"column":1}},"line":1},"1":{"name":"(anonymous_1)","decl":{"start":{"line":2,"column":18},"end":{"line":2,"column":19}},"loc":{"start":{"line":2,"column":27},"end":{"line":11,"column":3}},"line":2}},"branchMap":{"0":{"loc":{"start":{"line":6,"column":6},"end":{"line":8,"column":7}},"type":"if","locations":[{"start":{"line":6,"column":6},"end":{"line":8,"column":7}},{"start":{},"end":{}}],"line":6}},"s":{"0":1,"1":1,"2":1,"3":2,"4":0,"5":1,"6":1},"f":{"0":1,"1":1},"b":{"0":[0,2]},"_coverageSchema":"1a1c01bbd47fc00a2c39e90264f33305004495a9","hash":"55f20c5ae2d92c29a65855b1bd2d1d660cc7d999"}
}
